<?xml version="1.0" encoding="UTF-8"?>
<!-- Generated by org.testng.reporters.JUnitXMLReporter -->
<testsuite ignored="0" hostname="LAPTOP-HLGI9113" failures="3" tests="5" name="BankingApp ChromeTest" time="32.801" errors="0" timestamp="2021-03-17T11:30:45 IST">
  <testcase classname="com.inetbanking.testcases.TC_LoginTest_002" name="login" time="3.085">
    <failure type="java.lang.AssertionError" message="Wrong username or password">
      <![CDATA[java.lang.AssertionError: Wrong username or password
at com.inetbanking.testcases.TC_LoginTest_002.login(TC_LoginTest_002.java:41)
at java.base/java.util.ArrayList.forEach(ArrayList.java:1541)
... Removed 28 stack frames]]>
    </failure>
  </testcase> <!-- login -->
  <testcase classname="com.inetbanking.testcases.TC_LoginTest_002" name="login" time="3.398"/>
  <testcase classname="com.inetbanking.testcases.TC_LoginTest_002" name="login" time="4.728">
    <failure type="java.lang.AssertionError" message="Wrong username or password">
      <![CDATA[java.lang.AssertionError: Wrong username or password
at com.inetbanking.testcases.TC_LoginTest_002.login(TC_LoginTest_002.java:41)
at java.base/java.util.ArrayList.forEach(ArrayList.java:1541)
... Removed 28 stack frames]]>
    </failure>
  </testcase> <!-- login -->
  <testcase classname="com.inetbanking.testcases.TC_LoginTest_002" name="login" time="2.594"/>
  <testcase classname="com.inetbanking.testcases.TC_LoginTest_002" name="login" time="5.119">
    <failure type="java.lang.AssertionError" message="Wrong username or password">
      <![CDATA[java.lang.AssertionError: Wrong username or password
at com.inetbanking.testcases.TC_LoginTest_002.login(TC_LoginTest_002.java:41)
at java.base/java.util.ArrayList.forEach(ArrayList.java:1541)
... Removed 28 stack frames]]>
    </failure>
  </testcase> <!-- login -->
</testsuite> <!-- BankingApp ChromeTest -->
