<?xml version="1.0" encoding="UTF-8"?>
<!-- Generated by org.testng.reporters.JUnitXMLReporter -->
<testsuite ignored="0" hostname="LAPTOP-HLGI9113" failures="0" tests="5" name="BankingApp Test" time="33.111" errors="0" timestamp="2021-03-08T20:49:33 IST">
  <testcase classname="com.inetbanking.testcases.TC_LoginTest_002" name="login" time="2.889"/>
  <testcase classname="com.inetbanking.testcases.TC_LoginTest_002" name="login" time="6.382"/>
  <testcase classname="com.inetbanking.testcases.TC_LoginTest_002" name="login" time="2.982"/>
  <testcase classname="com.inetbanking.testcases.TC_LoginTest_002" name="login" time="4.989"/>
  <testcase classname="com.inetbanking.testcases.TC_LoginTest_002" name="login" time="2.784"/>
</testsuite> <!-- BankingApp Test -->
