<?xml version="1.0" encoding="UTF-8"?>
<!-- Generated by org.testng.reporters.JUnitXMLReporter -->
<testsuite ignored="0" hostname="LAPTOP-HLGI9113" failures="0" tests="5" name="BankingApp ChromeTest" time="33.042" errors="0" timestamp="2021-03-23T10:51:00 IST">
  <testcase classname="com.inetbanking.testcases.TC_DeleteCustTest_006" name="login" time="2.253"/>
  <testcase classname="com.inetbanking.testcases.TC_DeleteCustTest_006" name="addCust" time="6.391"/>
  <testcase classname="com.inetbanking.testcases.TC_DeleteCustTest_006" name="editCust" time="4.987"/>
  <testcase classname="com.inetbanking.testcases.TC_DeleteCustTest_006" name="deleteCust" time="5.612"/>
  <testcase classname="com.inetbanking.testcases.TC_DeleteCustTest_006" name="logout" time="2.423"/>
</testsuite> <!-- BankingApp ChromeTest -->
