<?xml version="1.0" encoding="UTF-8"?>
<!-- Generated by org.testng.reporters.JUnitXMLReporter -->
<testsuite ignored="0" hostname="LAPTOP-HLGI9113" failures="0" tests="5" name="BankingApp ChromeTest" time="51.745" errors="0" timestamp="2021-03-12T17:53:56 IST">
  <testcase classname="com.inetbanking.testcases.TC_DeleteCustTest_006" name="login" time="3.76"/>
  <testcase classname="com.inetbanking.testcases.TC_DeleteCustTest_006" name="addCust" time="7.585"/>
  <testcase classname="com.inetbanking.testcases.TC_DeleteCustTest_006" name="editCust" time="4.56"/>
  <testcase classname="com.inetbanking.testcases.TC_DeleteCustTest_006" name="deleteCust" time="6.156"/>
  <testcase classname="com.inetbanking.testcases.TC_DeleteCustTest_006" name="logout" time="3.027"/>
</testsuite> <!-- BankingApp ChromeTest -->
