<?xml version="1.0" encoding="UTF-8"?>
<testsuite xmlns:xsi="http://www.w3.org/2001/XMLSchema-instance" xsi:noNamespaceSchemaLocation="https://maven.apache.org/surefire/maven-surefire-plugin/xsd/surefire-test-report.xsd" name="TestSuite" time="28.539" tests="5" errors="0" skipped="0" failures="0">
  <properties>
[...]
</properties>
  <testcase name="login" classname="com.inetbanking.testcases.TC_DeleteCustTest_006" time="2.528"/>
  <testcase name="addCust" classname="com.inetbanking.testcases.TC_DeleteCustTest_006" time="3.589"/>
  <testcase name="editCust" classname="com.inetbanking.testcases.TC_DeleteCustTest_006" time="2.971"/>
  <testcase name="deleteCust" classname="com.inetbanking.testcases.TC_DeleteCustTest_006" time="5.175"/>
  <testcase name="logout" classname="com.inetbanking.testcases.TC_DeleteCustTest_006" time="1.366"/>
</testsuite>