<?xml version="1.0" encoding="UTF-8"?>
<testng-results ignored="0" total="5" passed="5" failed="0" skipped="0">
  <reporter-output>
  </reporter-output>
  <suite started-at="2021-03-11T10:24:07 IST" name="inetBankingV1" finished-at="2021-03-11T10:24:39 IST" duration-ms="31810">
    <groups>
    </groups>
    <test started-at="2021-03-11T10:24:07 IST" name="BankingApp ChromeTest" finished-at="2021-03-11T10:24:39 IST" duration-ms="31810">
      <class name="com.inetbanking.testcases.TC_DeleteCustTest_006">
        <test-method is-config="true" signature="setup(java.lang.String)[pri:0, instance:com.inetbanking.testcases.TC_DeleteCustTest_006@702b8b12]" started-at="2021-03-11T10:24:07 IST" name="setup" finished-at="2021-03-11T10:24:14 IST" duration-ms="6813" status="PASS">
          <params>
            <param index="0">
              <value>
                <![CDATA[edge]]>
              </value>
            </param>
          </params>
          <reporter-output>
          </reporter-output>
        </test-method> <!-- setup -->
        <test-method signature="login()[pri:0, instance:com.inetbanking.testcases.TC_DeleteCustTest_006@702b8b12]" started-at="2021-03-11T10:24:14 IST" name="login" finished-at="2021-03-11T10:24:17 IST" duration-ms="2557" status="PASS">
          <reporter-output>
          </reporter-output>
        </test-method> <!-- login -->
        <test-method is-config="true" signature="endResult(org.testng.ITestResult)[pri:0, instance:com.inetbanking.testcases.TC_DeleteCustTest_006@702b8b12]" started-at="2021-03-11T10:24:17 IST" name="endResult" finished-at="2021-03-11T10:24:17 IST" duration-ms="8" status="PASS">
          <params>
            <param index="0">
              <value>
                <![CDATA[[TestResult name=login status=SUCCESS method=TC_DeleteCustTest_006.login()[pri:0, instance:com.inetbanking.testcases.TC_DeleteCustTest_006@702b8b12] output={null}]]]>
              </value>
            </param>
          </params>
          <reporter-output>
          </reporter-output>
        </test-method> <!-- endResult -->
        <test-method signature="addCust()[pri:0, instance:com.inetbanking.testcases.TC_DeleteCustTest_006@702b8b12]" started-at="2021-03-11T10:24:17 IST" name="addCust" finished-at="2021-03-11T10:24:23 IST" depends-on-methods="com.inetbanking.testcases.TC_DeleteCustTest_006.login" duration-ms="6084" status="PASS">
          <reporter-output>
          </reporter-output>
        </test-method> <!-- addCust -->
        <test-method is-config="true" signature="endResult(org.testng.ITestResult)[pri:0, instance:com.inetbanking.testcases.TC_DeleteCustTest_006@702b8b12]" started-at="2021-03-11T10:24:23 IST" name="endResult" finished-at="2021-03-11T10:24:23 IST" duration-ms="2" status="PASS">
          <params>
            <param index="0">
              <value>
                <![CDATA[[TestResult name=addCust status=SUCCESS method=TC_DeleteCustTest_006.addCust()[pri:0, instance:com.inetbanking.testcases.TC_DeleteCustTest_006@702b8b12] output={null}]]]>
              </value>
            </param>
          </params>
          <reporter-output>
          </reporter-output>
        </test-method> <!-- endResult -->
        <test-method signature="editCust()[pri:0, instance:com.inetbanking.testcases.TC_DeleteCustTest_006@702b8b12]" started-at="2021-03-11T10:24:23 IST" name="editCust" finished-at="2021-03-11T10:24:27 IST" depends-on-methods="com.inetbanking.testcases.TC_DeleteCustTest_006.addCust, com.inetbanking.testcases.TC_DeleteCustTest_006.login" duration-ms="4334" status="PASS">
          <reporter-output>
          </reporter-output>
        </test-method> <!-- editCust -->
        <test-method is-config="true" signature="endResult(org.testng.ITestResult)[pri:0, instance:com.inetbanking.testcases.TC_DeleteCustTest_006@702b8b12]" started-at="2021-03-11T10:24:27 IST" name="endResult" finished-at="2021-03-11T10:24:27 IST" duration-ms="1" status="PASS">
          <params>
            <param index="0">
              <value>
                <![CDATA[[TestResult name=editCust status=SUCCESS method=TC_DeleteCustTest_006.editCust()[pri:0, instance:com.inetbanking.testcases.TC_DeleteCustTest_006@702b8b12] output={null}]]]>
              </value>
            </param>
          </params>
          <reporter-output>
          </reporter-output>
        </test-method> <!-- endResult -->
        <test-method signature="deleteCust()[pri:0, instance:com.inetbanking.testcases.TC_DeleteCustTest_006@702b8b12]" started-at="2021-03-11T10:24:27 IST" name="deleteCust" finished-at="2021-03-11T10:24:33 IST" depends-on-methods="com.inetbanking.testcases.TC_DeleteCustTest_006.addCust, com.inetbanking.testcases.TC_DeleteCustTest_006.editCust, com.inetbanking.testcases.TC_DeleteCustTest_006.login" duration-ms="5648" status="PASS">
          <reporter-output>
          </reporter-output>
        </test-method> <!-- deleteCust -->
        <test-method is-config="true" signature="endResult(org.testng.ITestResult)[pri:0, instance:com.inetbanking.testcases.TC_DeleteCustTest_006@702b8b12]" started-at="2021-03-11T10:24:33 IST" name="endResult" finished-at="2021-03-11T10:24:33 IST" duration-ms="1" status="PASS">
          <params>
            <param index="0">
              <value>
                <![CDATA[[TestResult name=deleteCust status=SUCCESS method=TC_DeleteCustTest_006.deleteCust()[pri:0, instance:com.inetbanking.testcases.TC_DeleteCustTest_006@702b8b12] output={null}]]]>
              </value>
            </param>
          </params>
          <reporter-output>
          </reporter-output>
        </test-method> <!-- endResult -->
        <test-method signature="logout()[pri:0, instance:com.inetbanking.testcases.TC_DeleteCustTest_006@702b8b12]" started-at="2021-03-11T10:24:33 IST" name="logout" finished-at="2021-03-11T10:24:35 IST" depends-on-methods="com.inetbanking.testcases.TC_DeleteCustTest_006.addCust, com.inetbanking.testcases.TC_DeleteCustTest_006.editCust, com.inetbanking.testcases.TC_DeleteCustTest_006.deleteCust, com.inetbanking.testcases.TC_DeleteCustTest_006.login" duration-ms="1783" status="PASS">
          <reporter-output>
          </reporter-output>
        </test-method> <!-- logout -->
        <test-method is-config="true" signature="endResult(org.testng.ITestResult)[pri:0, instance:com.inetbanking.testcases.TC_DeleteCustTest_006@702b8b12]" started-at="2021-03-11T10:24:35 IST" name="endResult" finished-at="2021-03-11T10:24:35 IST" duration-ms="1" status="PASS">
          <params>
            <param index="0">
              <value>
                <![CDATA[[TestResult name=logout status=SUCCESS method=TC_DeleteCustTest_006.logout()[pri:0, instance:com.inetbanking.testcases.TC_DeleteCustTest_006@702b8b12] output={null}]]]>
              </value>
            </param>
          </params>
          <reporter-output>
          </reporter-output>
        </test-method> <!-- endResult -->
        <test-method is-config="true" signature="teardown()[pri:0, instance:com.inetbanking.testcases.TC_DeleteCustTest_006@702b8b12]" started-at="2021-03-11T10:24:35 IST" name="teardown" finished-at="2021-03-11T10:24:39 IST" duration-ms="4040" status="PASS">
          <reporter-output>
          </reporter-output>
        </test-method> <!-- teardown -->
      </class> <!-- com.inetbanking.testcases.TC_DeleteCustTest_006 -->
    </test> <!-- BankingApp ChromeTest -->
  </suite> <!-- inetBankingV1 -->
</testng-results>
